<?xml version="1.0" encoding="UTF-8"?>
<testng-results skipped="0" failed="0" ignored="0" total="2" passed="2">
  <reporter-output>
  </reporter-output>
  <suite name="Default suite" duration-ms="6225" started-at="2020-02-15T11:20:42 IST" finished-at="2020-02-15T11:20:48 IST">
    <groups>
    </groups>
    <test name="Default test" duration-ms="6225" started-at="2020-02-15T11:20:42 IST" finished-at="2020-02-15T11:20:48 IST">
      <class name="Test.BasicOfRestAssured">
        <test-method status="PASS" signature="TestF1()[pri:0, instance:Test.BasicOfRestAssured@530612ba]" name="TestF1" duration-ms="4572" started-at="2020-02-15T11:20:42 IST" finished-at="2020-02-15T11:20:47 IST">
          <reporter-output>
          </reporter-output>
        </test-method> <!-- TestF1 -->
        <test-method status="PASS" signature="TestGoogle()[pri:0, instance:Test.BasicOfRestAssured@530612ba]" name="TestGoogle" duration-ms="1574" started-at="2020-02-15T11:20:47 IST" finished-at="2020-02-15T11:20:48 IST">
          <reporter-output>
          </reporter-output>
        </test-method> <!-- TestGoogle -->
      </class> <!-- Test.BasicOfRestAssured -->
    </test> <!-- Default test -->
  </suite> <!-- Default suite -->
</testng-results>
